=== ETFCSA-TSD Optimization Log ===
Timestamp   : 2026-03-20 18:48:05
Runtime     : 4.81s
Final Fitness: 25.30

--- Parameters ---
Population  : 200
Max Evals   : 2000
Clones      : 10
Rho         : 0.98
Weights     : S1=0.5, S2=0.3, S3=0.3, S4=0.2, S5=0.1

--- Problem Size ---
Total Classes: 124 (100 f2f + 24 online)
Variables    : 224
Rooms        : 24
Timeslots    : 60

--- TSD Diagnostics ---
Generations Run : 12
Evaluations Used: 2240
Substrate Norm  : 3.379655

--- Validation Results ---
Feasibility  : INFEASIBLE
Hard Violations: 4
  H1: Room Conflict: 0
  H2: Instructor Conflict: 1
  H3: Section Conflict: 3
Soft Violations: 77
  S1: Room Type Mismatch: 29
  S2: Section Daily Overload: 0
  S3: Instructor Daily Overload: 0
  S4: Schedule Gap: 20
  S5: Late Class: 28
