=== ETFCSA-TSD Optimization Log ===
Timestamp   : 2026-03-20 20:29:22
Runtime     : 1679.40s
Final Fitness: 16.70

--- Parameters ---
Population  : 300
Max Evals   : 1000000
Clones      : 20
Rho         : 0.99
Weights     : S1=0.5, S2=0.3, S3=0.3, S4=0.2, S5=0.0

--- Problem Size ---
Total Classes: 124 (100 f2f + 24 online)
Variables    : 224
Rooms        : 24
Timeslots    : 60

--- TSD Diagnostics ---
Generations Run : 5000
Evaluations Used: 740091
Substrate Norm  : 9.372521

--- Validation Results ---
Feasibility  : FEASIBLE
Hard Violations: 0
  H1: Room Conflict: 0
  H2: Instructor Conflict: 0
  H3: Section Conflict: 0
Soft Violations: 73
  S1: Room Type Mismatch: 26
  S2: Section Daily Overload: 1
  S3: Instructor Daily Overload: 0
  S4: Schedule Gap: 17
  S5: Late Class: 29
