=== ETFCSA-TSD Optimization Log ===
Timestamp   : 2026-03-16 20:40:04
Runtime     : 3211.05s
Final Fitness: 93.30

--- Parameters ---
Population  : 100
Max Evals   : 1000000
Clones      : 15
Rho         : 0.97
Weights     : S1=0.2, S2=0.1, S3=0.1, S4=0.0, S5=0.0

--- Problem Size ---
Total Classes: 755 (553 f2f + 202 online)
Variables    : 1308
Rooms        : 114
Timeslots    : 60

--- Validation Results ---
Feasibility  : INFEASIBLE
Hard Violations: 54
  H1: Room Conflict: 11
  H2: Instructor Conflict: 17
  H3: Section Conflict: 26
Soft Violations: 523
  S1: Room Type Mismatch: 194
  S2: Section Daily Overload: 3
  S3: Instructor Daily Overload: 1
  S4: Schedule Gap: 172
  S5: Late Class: 153
