=== ETFCSA-TSD Optimization Log ===
Timestamp   : 2026-03-20 19:17:11
Runtime     : 325.66s
Final Fitness: 19.70

--- Parameters ---
Population  : 300
Max Evals   : 150000
Clones      : 20
Rho         : 0.99
Weights     : S1=0.5, S2=0.3, S3=0.3, S4=0.2, S5=0.0

--- Problem Size ---
Total Classes: 124 (100 f2f + 24 online)
Variables    : 224
Rooms        : 24
Timeslots    : 60

--- TSD Diagnostics ---
Generations Run : 1029
Evaluations Used: 150240
Substrate Norm  : 8.131157

--- Validation Results ---
Feasibility  : INFEASIBLE
Hard Violations: 2
  H1: Room Conflict: 0
  H2: Instructor Conflict: 1
  H3: Section Conflict: 1
Soft Violations: 75
  S1: Room Type Mismatch: 27
  S2: Section Daily Overload: 0
  S3: Instructor Daily Overload: 0
  S4: Schedule Gap: 21
  S5: Late Class: 27
