=== ETFCSA-TSD Optimization Log ===
Timestamp   : 2026-03-17 00:48:27
Runtime     : 2230.69s
Final Fitness: 520041.30

--- Parameters ---
Population  : 200
Max Evals   : 150000
Clones      : 10
Rho         : 0.98
Weights     : S1=0.2, S2=0.1, S3=0.1, S4=0.0, S5=0.0

--- Problem Size ---
Total Classes: 755 (553 f2f + 202 online)
Variables    : 1308
Rooms        : 114
Timeslots    : 60

--- Validation Results ---
Feasibility  : INFEASIBLE
Hard Violations: 53
  H1: Room Conflict: 9
  H2: Instructor Conflict: 15
  H3: Section Conflict: 29
Soft Violations: 532
  S1: Room Type Mismatch: 204
  S2: Section Daily Overload: 2
  S3: Instructor Daily Overload: 3
  S4: Schedule Gap: 161
  S5: Late Class: 162
