=== ETFCSA-TSD Optimization Log ===
Timestamp   : 2026-03-20 17:03:11
Runtime     : 1458.51s
Final Fitness: 17.30

--- Parameters ---
Population  : 300
Max Evals   : 1000000
Clones      : 20
Rho         : 0.98
Weights     : S1=0.5, S2=0.3, S3=0.3, S4=0.2, S5=0.1

--- Problem Size ---
Total Classes: 124 (100 f2f + 24 online)
Variables    : 224
Rooms        : 24
Timeslots    : 60

--- Validation Results ---
Feasibility  : FEASIBLE
Hard Violations: 0
  H1: Room Conflict: 0
  H2: Instructor Conflict: 0
  H3: Section Conflict: 0
Soft Violations: 55
  S1: Room Type Mismatch: 25
  S2: Section Daily Overload: 1
  S3: Instructor Daily Overload: 0
  S4: Schedule Gap: 16
  S5: Late Class: 13
